<?xml version="1.0" encoding="UTF-8"?>
<!-- Generated by org.testng.reporters.JUnitReportReporter -->
<testsuite hostname="iSupporTech" failures="0" tests="1" name="CodeChallenges.BaseClass" time="20.314" errors="0" timestamp="2021-02-03T09:33:29 MST" skipped="0">
  <testcase classname="CodeChallenges.BaseClass" name="Test" time="20.314"/>
  <system-out/>
</testsuite> <!-- CodeChallenges.BaseClass -->
