<?xml version="1.0" encoding="UTF-8"?>
<!-- Generated by org.testng.reporters.JUnitReportReporter -->
<testsuite hostname="iSupporTech" failures="0" tests="1" name="CodeChallenges.TableFirstName" time="9.920" errors="0" timestamp="2021-02-08T10:55:23 MST" skipped="0">
  <testcase classname="CodeChallenges.TableFirstName" name="firstNameSortingTest" time="9.920"/>
  <system-out/>
</testsuite> <!-- CodeChallenges.TableFirstName -->
