<?xml version="1.0" encoding="UTF-8"?>
<!-- Generated by org.testng.reporters.JUnitReportReporter -->
<testsuite hostname="iSupporTech" failures="0" tests="2" name="CodeChallenges.LoginPage" time="9.619" errors="0" timestamp="2021-02-08T10:55:23 MST" skipped="0">
  <testcase classname="CodeChallenges.LoginPage" name="loginSuccessTest" time="5.945"/>
  <system-out/>
  <testcase classname="CodeChallenges.LoginPage" name="loginErrorTest" time="3.674"/>
  <system-out/>
</testsuite> <!-- CodeChallenges.LoginPage -->
