<?xml version="1.0" encoding="UTF-8"?>
<!-- Generated by org.testng.reporters.JUnitReportReporter -->
<testsuite hostname="iSupporTech" failures="0" tests="1" name="CodeChallenges.ExitIntent" time="8.538" errors="0" timestamp="2021-02-08T10:55:23 MST" skipped="0">
  <testcase classname="CodeChallenges.ExitIntent" name="popUpWindowTest" time="8.538"/>
  <system-out/>
</testsuite> <!-- CodeChallenges.ExitIntent -->
